[I 260202 10:03:22 connection:67] SmartAPI WebSocket Opened - Ready for subscriptions
[I 260202 10:03:37 consumers:336] Fetching historical candles with params: {'exchange': 'NSE', 'symboltoken': '99926000', 'interval': 'FIFTEEN_MINUTE', 'fromdate': '2026-01-25 09:00', 'todate': '2026-01-28 15:30'}
[E 260202 10:03:37 smartConnect:246] Error occurred while making a POST request to https://apiconnect.angelone.in/rest/secure/angelbroking/historical/v1/getCandleData. Error: Something Went Wrong, Please Try After Sometime. URL: https://apiconnect.angelone.in/rest/secure/angelbroking/historical/v1/getCandleData, Headers: {'Content-type': 'application/json', 'X-ClientLocalIP': '127.0.0.1', 'X-ClientPublicIP': '106.193.147.98', 'X-MACAddress': '30:9c:23:7c:86:e1', 'Accept': 'application/json', 'X-PrivateKey': 'iARx2hbi', 'X-UserType': 'USER', 'X-SourceID': 'WEB'}, Request: {'exchange': 'NSE', 'symboltoken': '99926000', 'interval': 'FIFTEEN_MINUTE', 'fromdate': '2026-01-25 09:00', 'todate': '2026-01-28 15:30'}, Response: {'message': 'Something Went Wrong, Please Try After Sometime', 'errorcode': 'AB1004', 'status': False, 'data': None}
[E 260202 10:03:37 consumers:418] Historical fetch exception: object of type 'NoneType' has no len()
[W 260202 10:04:00 smartWebSocketV2:318] Attempting to resubscribe/reconnect (Attempt 1)...
[I 260202 10:04:00 smartConnect:124] in pool
[E 260202 10:04:01 connection:111] Critical error in connection setup: Couldn't parse the JSON response received from the server: b'Access denied because of exceeding access rate'
[E 260202 10:04:02 connection:111] Critical error in connection setup: Couldn't parse the JSON response received from the server: b'Access denied because of exceeding access rate'
[I 260202 10:04:22 connection:67] SmartAPI WebSocket Opened - Ready for subscriptions
[I 260202 10:04:34 consumers:336] Fetching historical candles with params: {'exchange': 'NSE', 'symboltoken': '99926000', 'interval': 'FIFTEEN_MINUTE', 'fromdate': '2026-01-25 09:00', 'todate': '2026-01-28 15:30'}
[I 260202 10:04:35 consumers:343] Historical data fetched - 50 candles
[I 260202 10:04:35 strategies:48] ADX Signal: {'action': 'BUY', 'reason': '+DI 25.34 > 20 (strong uptrend)', 'confidence': 'high'}
[I 260202 10:04:35 strategies:78] MACD Signal: {'action': 'BUY', 'reason': 'MACD line 30.6986 > 0 (bullish)'}
[I 260202 10:04:35 consumers:397] Strategy check for 99926000: ADX={'action': 'BUY', 'reason': '+DI 25.34 > 20 (strong uptrend)', 'confidence': 'high'}, MACD={'action': 'BUY', 'reason': 'MACD line 30.6986 > 0 (bullish)'}, CurrentSide=NONE
[I 260202 10:04:35 consumers:439] Signal generated for 99926000 (99926000): BUY - +DI 25.34 > 20 (strong uptrend) | Current position: NONE
[I 260202 10:04:35 consumers:498] Position opened: LONG 99926000 @ 25348.05 (qty: 1)
[I 260202 10:04:35 consumers:457] Simulated BUY entry for 99926000 @ 25348.05
[I 260202 10:04:35 consumers:439] Signal generated for 99926000 (99926000): BUY - MACD line 30.6986 > 0 (bullish) | Current position: LONG
[E 260202 10:52:56 connection:111] Critical error in connection setup: Couldn't parse the JSON response received from the server: b'Access denied because of exceeding access rate'
[I 260202 10:53:17 connection:67] SmartAPI WebSocket Opened - Ready for subscriptions
[I 260202 10:53:29 consumers:346] Fetching historical candles with params: {'exchange': 'NSE', 'symboltoken': '99926000', 'interval': 'FIFTEEN_MINUTE', 'fromdate': '2026-01-25 09:00', 'todate': '2026-01-28 15:30'}
[I 260202 10:53:29 consumers:353] Historical data fetched - 50 candles
[I 260202 10:53:29 strategies:48] ADX Signal: {'action': 'BUY', 'reason': '+DI 25.34 > 20 (strong uptrend)', 'confidence': 'high'}
[I 260202 10:53:29 strategies:78] MACD Signal: {'action': 'BUY', 'reason': 'MACD line 30.6986 > 0 (bullish)'}
[I 260202 10:53:29 consumers:398] Strategy check for 99926000: ADX={'action': 'BUY', 'reason': '+DI 25.34 > 20 (strong uptrend)', 'confidence': 'high'}, MACD={'action': 'BUY', 'reason': 'MACD line 30.6986 > 0 (bullish)'}, CurrentSide=NONE
[E 260202 10:53:29 consumers:449] Failed to create position in DB: Position() got unexpected keyword arguments: 'side'
[E 260202 10:53:29 consumers:449] Failed to create position in DB: Position() got unexpected keyword arguments: 'side'
[I 260202 11:00:12 connection:67] SmartAPI WebSocket Opened - Ready for subscriptions
[I 260202 11:00:31 consumers:346] Fetching historical candles with params: {'exchange': 'NSE', 'symboltoken': '99926000', 'interval': 'FIFTEEN_MINUTE', 'fromdate': '2026-01-25 09:00', 'todate': '2026-01-28 15:30'}
[E 260202 11:00:31 smartConnect:246] Error occurred while making a POST request to https://apiconnect.angelone.in/rest/secure/angelbroking/historical/v1/getCandleData. Error: Something Went Wrong, Please Try After Sometime. URL: https://apiconnect.angelone.in/rest/secure/angelbroking/historical/v1/getCandleData, Headers: {'Content-type': 'application/json', 'X-ClientLocalIP': '127.0.0.1', 'X-ClientPublicIP': '106.193.147.98', 'X-MACAddress': '30:9c:23:7c:86:e1', 'Accept': 'application/json', 'X-PrivateKey': 'iARx2hbi', 'X-UserType': 'USER', 'X-SourceID': 'WEB'}, Request: {'exchange': 'NSE', 'symboltoken': '99926000', 'interval': 'FIFTEEN_MINUTE', 'fromdate': '2026-01-25 09:00', 'todate': '2026-01-28 15:30'}, Response: {'message': 'Something Went Wrong, Please Try After Sometime', 'errorcode': 'AB1004', 'status': False, 'data': None}
[E 260202 11:00:31 consumers:417] Historical fetch exception: object of type 'NoneType' has no len()
[I 260202 11:01:10 connection:67] SmartAPI WebSocket Opened - Ready for subscriptions
[I 260202 11:01:28 consumers:346] Fetching historical candles with params: {'exchange': 'NSE', 'symboltoken': '99926000', 'interval': 'FIFTEEN_MINUTE', 'fromdate': '2026-01-25 09:00', 'todate': '2026-01-28 15:30'}
[I 260202 11:01:28 consumers:353] Historical data fetched - 50 candles
[I 260202 11:01:28 strategies:48] ADX Signal: {'action': 'BUY', 'reason': '+DI 25.34 > 20 (strong uptrend)', 'confidence': 'high'}
[I 260202 11:01:28 strategies:78] MACD Signal: {'action': 'BUY', 'reason': 'MACD line 30.6986 > 0 (bullish)'}
[I 260202 11:01:28 consumers:398] Strategy check for 99926000: ADX={'action': 'BUY', 'reason': '+DI 25.34 > 20 (strong uptrend)', 'confidence': 'high'}, MACD={'action': 'BUY', 'reason': 'MACD line 30.6986 > 0 (bullish)'}, CurrentSide=NONE
[I 260202 11:01:28 consumers:446] DB Position OPENED: LONG 99926000 (99926000) @ 25348.05
[I 260202 11:16:55 connection:67] SmartAPI WebSocket Opened - Ready for subscriptions
[I 260202 11:17:05 consumers:346] Fetching historical candles with params: {'exchange': 'NSE', 'symboltoken': '99926000', 'interval': 'FIFTEEN_MINUTE', 'fromdate': '2026-01-25 09:00', 'todate': '2026-01-28 15:30'}
[I 260202 11:17:06 consumers:353] Historical data fetched - 50 candles
[E 260202 11:17:06 consumers:417] Historical fetch exception: 'Position' object has no attribute 'side'
[I 260202 11:20:48 connection:67] SmartAPI WebSocket Opened - Ready for subscriptions
[I 260202 11:21:02 consumers:346] Fetching historical candles with params: {'exchange': 'NSE', 'symboltoken': '99926000', 'interval': 'FIFTEEN_MINUTE', 'fromdate': '2026-01-25 09:00', 'todate': '2026-01-28 15:30'}
[I 260202 11:21:03 consumers:353] Historical data fetched - 50 candles
[E 260202 11:21:03 consumers:417] Historical fetch exception: 'Position' object has no attribute 'side'
[I 260202 11:21:30 connection:67] SmartAPI WebSocket Opened - Ready for subscriptions
[I 260202 11:21:45 consumers:346] Fetching historical candles with params: {'exchange': 'NSE', 'symboltoken': '99926000', 'interval': 'FIFTEEN_MINUTE', 'fromdate': '2026-01-25 09:00', 'todate': '2026-01-28 15:30'}
[E 260202 11:21:45 smartConnect:246] Error occurred while making a POST request to https://apiconnect.angelone.in/rest/secure/angelbroking/historical/v1/getCandleData. Error: Something Went Wrong, Please Try After Sometime. URL: https://apiconnect.angelone.in/rest/secure/angelbroking/historical/v1/getCandleData, Headers: {'Content-type': 'application/json', 'X-ClientLocalIP': '127.0.0.1', 'X-ClientPublicIP': '106.193.147.98', 'X-MACAddress': '30:9c:23:7c:86:e1', 'Accept': 'application/json', 'X-PrivateKey': 'iARx2hbi', 'X-UserType': 'USER', 'X-SourceID': 'WEB'}, Request: {'exchange': 'NSE', 'symboltoken': '99926000', 'interval': 'FIFTEEN_MINUTE', 'fromdate': '2026-01-25 09:00', 'todate': '2026-01-28 15:30'}, Response: {'message': 'Something Went Wrong, Please Try After Sometime', 'errorcode': 'AB1004', 'status': False, 'data': None}
[E 260202 11:21:45 consumers:417] Historical fetch exception: object of type 'NoneType' has no len()
[W 260202 11:21:53 smartWebSocketV2:318] Attempting to resubscribe/reconnect (Attempt 1)...
[I 260202 11:21:53 smartConnect:124] in pool
[I 260202 11:21:59 connection:67] SmartAPI WebSocket Opened - Ready for subscriptions
[I 260202 11:22:03 connection:67] SmartAPI WebSocket Opened - Ready for subscriptions
[I 260202 11:22:12 consumers:346] Fetching historical candles with params: {'exchange': 'NSE', 'symboltoken': '99926000', 'interval': 'FIFTEEN_MINUTE', 'fromdate': '2026-01-25 09:00', 'todate': '2026-01-28 15:30'}
[I 260202 11:22:12 consumers:353] Historical data fetched - 50 candles
[E 260202 11:22:12 consumers:417] Historical fetch exception: 'Position' object has no attribute 'side'
[I 260202 11:24:35 connection:67] SmartAPI WebSocket Opened - Ready for subscriptions
[I 260202 11:24:48 consumers:346] Fetching historical candles with params: {'exchange': 'NSE', 'symboltoken': '99926000', 'interval': 'FIFTEEN_MINUTE', 'fromdate': '2026-01-25 09:00', 'todate': '2026-01-28 15:30'}
[E 260202 11:24:48 smartConnect:246] Error occurred while making a POST request to https://apiconnect.angelone.in/rest/secure/angelbroking/historical/v1/getCandleData. Error: Something Went Wrong, Please Try After Sometime. URL: https://apiconnect.angelone.in/rest/secure/angelbroking/historical/v1/getCandleData, Headers: {'Content-type': 'application/json', 'X-ClientLocalIP': '127.0.0.1', 'X-ClientPublicIP': '106.193.147.98', 'X-MACAddress': '30:9c:23:7c:86:e1', 'Accept': 'application/json', 'X-PrivateKey': 'iARx2hbi', 'X-UserType': 'USER', 'X-SourceID': 'WEB'}, Request: {'exchange': 'NSE', 'symboltoken': '99926000', 'interval': 'FIFTEEN_MINUTE', 'fromdate': '2026-01-25 09:00', 'todate': '2026-01-28 15:30'}, Response: {'message': 'Something Went Wrong, Please Try After Sometime', 'errorcode': 'AB1004', 'status': False, 'data': None}
[E 260202 11:24:48 consumers:417] Historical fetch exception: object of type 'NoneType' has no len()
[I 260202 11:25:12 connection:67] SmartAPI WebSocket Opened - Ready for subscriptions
[I 260202 11:25:26 consumers:346] Fetching historical candles with params: {'exchange': 'NSE', 'symboltoken': '99926000', 'interval': 'FIFTEEN_MINUTE', 'fromdate': '2026-01-25 09:00', 'todate': '2026-01-28 15:30'}
[I 260202 11:25:26 consumers:353] Historical data fetched - 50 candles
[I 260202 11:25:26 strategies:48] ADX Signal: None
[I 260202 11:25:26 strategies:78] MACD Signal: None
[I 260202 11:25:26 consumers:398] Strategy check for 99926000: ADX=None, MACD=None, CurrentSide=None
[I 260202 11:27:09 connection:67] SmartAPI WebSocket Opened - Ready for subscriptions
[I 260202 11:27:22 consumers:346] Fetching historical candles with params: {'exchange': 'NSE', 'symboltoken': '99926000', 'interval': 'FIFTEEN_MINUTE', 'fromdate': '2026-01-25 09:00', 'todate': '2026-01-28 15:30'}
[I 260202 11:27:22 consumers:353] Historical data fetched - 50 candles
[I 260202 11:27:22 strategies:48] ADX Signal: None
[I 260202 11:27:22 strategies:78] MACD Signal: None
[I 260202 11:27:22 consumers:398] Strategy check for 99926000: ADX=None, MACD=None, CurrentSide=None
[E 260202 11:28:34 connection:111] Critical error in connection setup: Couldn't parse the JSON response received from the server: b'Access denied because of exceeding access rate'
[E 260202 11:28:34 connection:111] Critical error in connection setup: Couldn't parse the JSON response received from the server: b'Access denied because of exceeding access rate'
[I 260202 11:28:40 connection:67] SmartAPI WebSocket Opened - Ready for subscriptions
[I 260202 11:28:40 smartConnect:124] in pool
[I 260202 11:28:47 connection:67] SmartAPI WebSocket Opened - Ready for subscriptions
[I 260202 11:29:01 consumers:346] Fetching historical candles with params: {'exchange': 'NSE', 'symboltoken': '99926000', 'interval': 'FIFTEEN_MINUTE', 'fromdate': '2026-01-25 09:00', 'todate': '2026-01-28 15:30'}
[E 260202 11:29:02 consumers:417] Historical fetch exception: Couldn't parse the JSON response received from the server: b'Access denied because of exceeding access rate'
[I 260202 11:29:29 connection:67] SmartAPI WebSocket Opened - Ready for subscriptions
[I 260202 11:29:40 consumers:346] Fetching historical candles with params: {'exchange': 'NSE', 'symboltoken': '99926000', 'interval': 'FIFTEEN_MINUTE', 'fromdate': '2026-01-25 09:00', 'todate': '2026-01-28 15:30'}
[I 260202 11:29:40 consumers:353] Historical data fetched - 50 candles
[E 260202 11:29:40 consumers:417] Historical fetch exception: 'Position' object has no attribute 'side'
[I 260202 11:32:03 connection:67] SmartAPI WebSocket Opened - Ready for subscriptions
[I 260202 11:32:15 consumers:331] Fetching historical candles with params: {'exchange': 'NSE', 'symboltoken': '99926000', 'interval': 'FIFTEEN_MINUTE', 'fromdate': '2026-01-25 09:00', 'todate': '2026-01-28 15:30'}
[I 260202 11:32:15 consumers:338] Historical data fetched - 50 candles
[I 260202 11:32:15 strategies:48] ADX Signal: None
[I 260202 11:32:15 strategies:78] MACD Signal: None
[I 260202 11:32:15 consumers:384] Strategy check for 99926000: ADX=None, MACD=None, CurrentSide=OPEN
[I 260202 11:40:49 connection:67] SmartAPI WebSocket Opened - Ready for subscriptions
[I 260202 11:41:15 consumers:331] Fetching historical candles with params: {'exchange': 'NSE', 'symboltoken': '99926000', 'interval': 'FIFTEEN_MINUTE', 'fromdate': '2026-01-25 09:00', 'todate': '2026-01-28 15:30'}
[I 260202 11:41:16 consumers:338] Historical data fetched - 50 candles
[I 260202 11:41:16 strategies:48] ADX Signal: None
[I 260202 11:41:16 strategies:78] MACD Signal: None
[I 260202 11:41:16 consumers:384] Strategy check for 99926000: ADX=None, MACD=None, CurrentSide=OPEN
[I 260202 11:44:29 connection:67] SmartAPI WebSocket Opened - Ready for subscriptions
[I 260202 11:44:40 consumers:331] Fetching historical candles with params: {'exchange': 'NSE', 'symboltoken': '3025', 'interval': 'FIFTEEN_MINUTE', 'fromdate': '2026-01-25 09:00', 'todate': '2026-01-28 15:30'}
[I 260202 11:44:41 consumers:338] Historical data fetched - 39 candles
[I 260202 11:44:41 strategies:48] ADX Signal: {'action': 'SELL', 'reason': '-DI 20.35 > 20 (strong downtrend)', 'confidence': 'high'}
[I 260202 11:44:41 strategies:78] MACD Signal: {'action': 'BUY', 'reason': 'MACD line 0.0951 > 0 (bullish)'}
[I 260202 11:44:41 consumers:384] Strategy check for 3025: ADX={'action': 'SELL', 'reason': '-DI 20.35 > 20 (strong downtrend)', 'confidence': 'high'}, MACD={'action': 'BUY', 'reason': 'MACD line 0.0951 > 0 (bullish)'}, CurrentSide=NONE
[I 260202 11:44:41 consumers:430] DB Position OPENED: SHORT 3025 (3025) @ 135.98
[I 260202 11:53:48 connection:67] SmartAPI WebSocket Opened - Ready for subscriptions
[I 260202 11:53:58 consumers:331] Fetching historical candles with params: {'exchange': 'NSE', 'symboltoken': '3025', 'interval': 'FIFTEEN_MINUTE', 'fromdate': '2026-01-25 09:00', 'todate': '2026-01-28 15:30'}
[E 260202 11:53:58 smartConnect:246] Error occurred while making a POST request to https://apiconnect.angelone.in/rest/secure/angelbroking/historical/v1/getCandleData. Error: Something Went Wrong, Please Try After Sometime. URL: https://apiconnect.angelone.in/rest/secure/angelbroking/historical/v1/getCandleData, Headers: {'Content-type': 'application/json', 'X-ClientLocalIP': '127.0.0.1', 'X-ClientPublicIP': '106.193.147.98', 'X-MACAddress': '30:9c:23:7c:86:e1', 'Accept': 'application/json', 'X-PrivateKey': 'iARx2hbi', 'X-UserType': 'USER', 'X-SourceID': 'WEB'}, Request: {'exchange': 'NSE', 'symboltoken': '3025', 'interval': 'FIFTEEN_MINUTE', 'fromdate': '2026-01-25 09:00', 'todate': '2026-01-28 15:30'}, Response: {'message': 'Something Went Wrong, Please Try After Sometime', 'errorcode': 'AB1004', 'status': False, 'data': None}
[E 260202 11:53:58 consumers:403] Historical fetch exception: object of type 'NoneType' has no len()
    Traceback (most recent call last):
      File "D:\Yash\smart_trading\myvenv\Lib\site-packages\asgiref\sync.py", line 361, in main_wrap
        raise exc_info[1]
      File "D:\Yash\smart_trading\market\consumers.py", line 338, in handle_get_historical
        logger.info(f"Historical data fetched - {len(candle_data.get('data', []))} candles")
                                                 ~~~^^^^^^^^^^^^^^^^^^^^^^^^^^^^^
    TypeError: object of type 'NoneType' has no len()
[I 260202 11:54:31 connection:67] SmartAPI WebSocket Opened - Ready for subscriptions
[I 260202 11:54:52 consumers:331] Fetching historical candles with params: {'exchange': 'NSE', 'symboltoken': '3025', 'interval': 'FIFTEEN_MINUTE', 'fromdate': '2026-01-25 09:00', 'todate': '2026-01-28 15:30'}
[E 260202 11:54:52 consumers:403] Historical fetch exception: Couldn't parse the JSON response received from the server: b'Access denied because of exceeding access rate'
    Traceback (most recent call last):
      File "D:\Yash\smart_trading\myvenv\Lib\site-packages\SmartApi\smartConnect.py", line 230, in _request
        data = json.loads(r.content.decode("utf8"))
      File "C:\Users\Admin\AppData\Local\Programs\Python\Python314\Lib\json\__init__.py", line 346, in loads
        return _default_decoder.decode(s)
               ~~~~~~~~~~~~~~~~~~~~~~~^^^
      File "C:\Users\Admin\AppData\Local\Programs\Python\Python314\Lib\json\decoder.py", line 345, in decode
        obj, end = self.raw_decode(s, idx=_w(s, 0).end())
                   ~~~~~~~~~~~~~~~^^^^^^^^^^^^^^^^^^^^^^^
      File "C:\Users\Admin\AppData\Local\Programs\Python\Python314\Lib\json\decoder.py", line 363, in raw_decode
        raise JSONDecodeError("Expecting value", s, err.value) from None
    json.decoder.JSONDecodeError: Expecting value: line 1 column 1 (char 0)
    
    During handling of the above exception, another exception occurred:
    
    Traceback (most recent call last):
      File "D:\Yash\smart_trading\myvenv\Lib\site-packages\asgiref\sync.py", line 361, in main_wrap
        raise exc_info[1]
      File "D:\Yash\smart_trading\market\consumers.py", line 333, in handle_get_historical
        candle_data = self.smart_api.getCandleData(historic_params)
      File "D:\Yash\smart_trading\myvenv\Lib\site-packages\SmartApi\smartConnect.py", line 465, in getCandleData
        getCandleDataResponse=self._postRequest("api.candle.data",historicDataParams)
      File "D:\Yash\smart_trading\myvenv\Lib\site-packages\SmartApi\smartConnect.py", line 263, in _postRequest
        return self._request(route, "POST", params)
               ~~~~~~~~~~~~~^^^^^^^^^^^^^^^^^^^^^^^
      File "D:\Yash\smart_trading\myvenv\Lib\site-packages\SmartApi\smartConnect.py", line 233, in _request
        raise ex.DataException("Couldn't parse the JSON response received from the server: {content}".format(
            content=r.content))
    SmartApi.smartExceptions.DataException: Couldn't parse the JSON response received from the server: b'Access denied because of exceeding access rate'
[I 260202 11:55:52 connection:67] SmartAPI WebSocket Opened - Ready for subscriptions
[I 260202 11:56:15 consumers:331] Fetching historical candles with params: {'exchange': 'NSE', 'symboltoken': '3025', 'interval': 'FIFTEEN_MINUTE', 'fromdate': '2026-01-25 09:00', 'todate': '2026-01-28 15:30'}
[I 260202 11:56:15 consumers:338] Historical data fetched - 39 candles
[I 260202 11:56:15 strategies:48] ADX Signal: None
[I 260202 11:56:15 strategies:78] MACD Signal: None
[I 260202 11:56:15 consumers:384] Strategy check for 3025: ADX=None, MACD=None, CurrentSide=OPEN
[W 260202 11:56:54 smartWebSocketV2:318] Attempting to resubscribe/reconnect (Attempt 1)...
[I 260202 11:56:54 smartConnect:124] in pool
[I 260202 11:57:00 connection:67] SmartAPI WebSocket Opened - Ready for subscriptions
[I 260202 11:57:04 connection:67] SmartAPI WebSocket Opened - Ready for subscriptions
[I 260202 11:57:22 consumers:331] Fetching historical candles with params: {'exchange': 'NSE', 'symboltoken': '3025', 'interval': 'FIFTEEN_MINUTE', 'fromdate': '2026-01-25 09:00', 'todate': '2026-01-28 15:30'}
[I 260202 11:57:22 consumers:338] Historical data fetched - 39 candles
[I 260202 11:57:22 strategies:48] ADX Signal: {'action': 'SELL', 'reason': '-DI 20.35 > 20 (strong downtrend)', 'confidence': 'high'}
[I 260202 11:57:22 strategies:78] MACD Signal: {'action': 'BUY', 'reason': 'MACD line 0.0951 > 0 (bullish)'}
[I 260202 11:57:22 consumers:384] Strategy check for 3025: ADX={'action': 'SELL', 'reason': '-DI 20.35 > 20 (strong downtrend)', 'confidence': 'high'}, MACD={'action': 'BUY', 'reason': 'MACD line 0.0951 > 0 (bullish)'}, CurrentSide=NONE
[I 260202 11:57:22 consumers:430] DB Position OPENED: SHORT 3025 (3025) @ 135.98
[I 260202 11:59:36 connection:67] SmartAPI WebSocket Opened - Ready for subscriptions
[I 260202 11:59:54 consumers:331] Fetching historical candles with params: {'exchange': 'NSE', 'symboltoken': '3025', 'interval': 'FIFTEEN_MINUTE', 'fromdate': '2026-01-25 09:00', 'todate': '2026-01-28 15:30'}
[E 260202 11:59:54 smartConnect:246] Error occurred while making a POST request to https://apiconnect.angelone.in/rest/secure/angelbroking/historical/v1/getCandleData. Error: Something Went Wrong, Please Try After Sometime. URL: https://apiconnect.angelone.in/rest/secure/angelbroking/historical/v1/getCandleData, Headers: {'Content-type': 'application/json', 'X-ClientLocalIP': '127.0.0.1', 'X-ClientPublicIP': '106.193.147.98', 'X-MACAddress': '30:9c:23:7c:86:e1', 'Accept': 'application/json', 'X-PrivateKey': 'iARx2hbi', 'X-UserType': 'USER', 'X-SourceID': 'WEB'}, Request: {'exchange': 'NSE', 'symboltoken': '3025', 'interval': 'FIFTEEN_MINUTE', 'fromdate': '2026-01-25 09:00', 'todate': '2026-01-28 15:30'}, Response: {'message': 'Something Went Wrong, Please Try After Sometime', 'errorcode': 'AB1004', 'status': False, 'data': None}
[E 260202 11:59:54 consumers:403] Historical fetch exception: object of type 'NoneType' has no len()
    Traceback (most recent call last):
      File "D:\Yash\smart_trading\myvenv\Lib\site-packages\asgiref\sync.py", line 361, in main_wrap
        raise exc_info[1]
      File "D:\Yash\smart_trading\market\consumers.py", line 338, in handle_get_historical
        logger.info(f"Historical data fetched - {len(candle_data.get('data', []))} candles")
                                                 ~~~^^^^^^^^^^^^^^^^^^^^^^^^^^^^^
    TypeError: object of type 'NoneType' has no len()
[I 260202 12:00:16 connection:67] SmartAPI WebSocket Opened - Ready for subscriptions
[I 260202 12:00:24 consumers:331] Fetching historical candles with params: {'exchange': 'NSE', 'symboltoken': '3025', 'interval': 'FIFTEEN_MINUTE', 'fromdate': '2026-01-25 09:00', 'todate': '2026-01-28 15:30'}
[I 260202 12:00:24 consumers:338] Historical data fetched - 39 candles
[I 260202 12:00:24 strategies:48] ADX Signal: {'action': 'SELL', 'reason': '-DI 20.35 > 20 (strong downtrend)', 'confidence': 'high'}
[I 260202 12:00:24 strategies:78] MACD Signal: {'action': 'BUY', 'reason': 'MACD line 0.0951 > 0 (bullish)'}
[I 260202 12:00:24 consumers:384] Strategy check for 3025: ADX={'action': 'SELL', 'reason': '-DI 20.35 > 20 (strong downtrend)', 'confidence': 'high'}, MACD={'action': 'BUY', 'reason': 'MACD line 0.0951 > 0 (bullish)'}, CurrentSide=NONE
[I 260202 12:00:24 consumers:430] DB Position OPENED: SHORT 3025 (3025) @ 135.98
[I 260202 12:04:14 connection:69] SmartAPI WebSocket Opened - Ready for subscriptions
[I 260202 12:04:39 consumers:331] Fetching historical candles with params: {'exchange': 'NSE', 'symboltoken': '3025', 'interval': 'FIFTEEN_MINUTE', 'fromdate': '2026-01-25 09:00', 'todate': '2026-01-28 15:30'}
[E 260202 12:04:39 consumers:403] Historical fetch exception: Couldn't parse the JSON response received from the server: b'Access denied because of exceeding access rate'
    Traceback (most recent call last):
      File "D:\Yash\smart_trading\myvenv\Lib\site-packages\SmartApi\smartConnect.py", line 230, in _request
        data = json.loads(r.content.decode("utf8"))
      File "C:\Users\Admin\AppData\Local\Programs\Python\Python314\Lib\json\__init__.py", line 346, in loads
        return _default_decoder.decode(s)
               ~~~~~~~~~~~~~~~~~~~~~~~^^^
      File "C:\Users\Admin\AppData\Local\Programs\Python\Python314\Lib\json\decoder.py", line 345, in decode
        obj, end = self.raw_decode(s, idx=_w(s, 0).end())
                   ~~~~~~~~~~~~~~~^^^^^^^^^^^^^^^^^^^^^^^
      File "C:\Users\Admin\AppData\Local\Programs\Python\Python314\Lib\json\decoder.py", line 363, in raw_decode
        raise JSONDecodeError("Expecting value", s, err.value) from None
    json.decoder.JSONDecodeError: Expecting value: line 1 column 1 (char 0)
    
    During handling of the above exception, another exception occurred:
    
    Traceback (most recent call last):
      File "D:\Yash\smart_trading\myvenv\Lib\site-packages\asgiref\sync.py", line 361, in main_wrap
        raise exc_info[1]
      File "D:\Yash\smart_trading\market\consumers.py", line 333, in handle_get_historical
        candle_data = self.smart_api.getCandleData(historic_params)
      File "D:\Yash\smart_trading\myvenv\Lib\site-packages\SmartApi\smartConnect.py", line 465, in getCandleData
        getCandleDataResponse=self._postRequest("api.candle.data",historicDataParams)
      File "D:\Yash\smart_trading\myvenv\Lib\site-packages\SmartApi\smartConnect.py", line 263, in _postRequest
        return self._request(route, "POST", params)
               ~~~~~~~~~~~~~^^^^^^^^^^^^^^^^^^^^^^^
      File "D:\Yash\smart_trading\myvenv\Lib\site-packages\SmartApi\smartConnect.py", line 233, in _request
        raise ex.DataException("Couldn't parse the JSON response received from the server: {content}".format(
            content=r.content))
    SmartApi.smartExceptions.DataException: Couldn't parse the JSON response received from the server: b'Access denied because of exceeding access rate'
[W 260202 12:04:53 smartWebSocketV2:318] Attempting to resubscribe/reconnect (Attempt 1)...
[I 260202 12:04:53 smartConnect:124] in pool
[E 260202 12:04:56 connection:141] Critical error in connection setup: Couldn't parse the JSON response received from the server: b'Access denied because of exceeding access rate'
[E 260202 12:04:56 connection:141] Critical error in connection setup: Couldn't parse the JSON response received from the server: b'Access denied because of exceeding access rate'
[E 260202 12:04:58 connection:141] Critical error in connection setup: Couldn't parse the JSON response received from the server: b'Access denied because of exceeding access rate'
[E 260202 12:04:58 connection:141] Critical error in connection setup: Couldn't parse the JSON response received from the server: b'Access denied because of exceeding access rate'
[E 260202 12:04:58 connection:141] Critical error in connection setup: Couldn't parse the JSON response received from the server: b'Access denied because of exceeding access rate'
[I 260202 12:05:01 connection:69] SmartAPI WebSocket Opened - Ready for subscriptions
[I 260202 12:05:02 connection:41] Login SUCCESS - Auth Token: Bearer eyJhbGciOiJIU... | Feed Token: eyJhbGciOiJIUzUxMiJ9...
[I 260202 12:05:25 connection:69] SmartAPI WebSocket Opened - Ready for subscriptions
[I 260202 12:05:49 consumers:331] Fetching historical candles with params: {'exchange': 'NSE', 'symboltoken': '3025', 'interval': 'FIFTEEN_MINUTE', 'fromdate': '2026-01-25 09:00', 'todate': '2026-01-28 15:30'}
[E 260202 12:05:49 smartConnect:246] Error occurred while making a POST request to https://apiconnect.angelone.in/rest/secure/angelbroking/historical/v1/getCandleData. Error: Something Went Wrong, Please Try After Sometime. URL: https://apiconnect.angelone.in/rest/secure/angelbroking/historical/v1/getCandleData, Headers: {'Content-type': 'application/json', 'X-ClientLocalIP': '127.0.0.1', 'X-ClientPublicIP': '106.193.147.98', 'X-MACAddress': '30:9c:23:7c:86:e1', 'Accept': 'application/json', 'X-PrivateKey': 'iARx2hbi', 'X-UserType': 'USER', 'X-SourceID': 'WEB'}, Request: {'exchange': 'NSE', 'symboltoken': '3025', 'interval': 'FIFTEEN_MINUTE', 'fromdate': '2026-01-25 09:00', 'todate': '2026-01-28 15:30'}, Response: {'message': 'Something Went Wrong, Please Try After Sometime', 'errorcode': 'AB1004', 'status': False, 'data': None}
[E 260202 12:05:49 consumers:403] Historical fetch exception: object of type 'NoneType' has no len()
    Traceback (most recent call last):
      File "D:\Yash\smart_trading\myvenv\Lib\site-packages\asgiref\sync.py", line 361, in main_wrap
        raise exc_info[1]
      File "D:\Yash\smart_trading\market\consumers.py", line 338, in handle_get_historical
        logger.info(f"Historical data fetched - {len(candle_data.get('data', []))} candles")
                                                 ~~~^^^^^^^^^^^^^^^^^^^^^^^^^^^^^
    TypeError: object of type 'NoneType' has no len()
[I 260202 12:06:09 connection:69] SmartAPI WebSocket Opened - Ready for subscriptions
[I 260202 12:06:29 consumers:331] Fetching historical candles with params: {'exchange': 'NSE', 'symboltoken': '3025', 'interval': 'FIFTEEN_MINUTE', 'fromdate': '2026-01-25 09:00', 'todate': '2026-01-28 15:30'}
[E 260202 12:06:29 consumers:403] Historical fetch exception: Couldn't parse the JSON response received from the server: b'Access denied because of exceeding access rate'
    Traceback (most recent call last):
      File "D:\Yash\smart_trading\myvenv\Lib\site-packages\SmartApi\smartConnect.py", line 230, in _request
        data = json.loads(r.content.decode("utf8"))
      File "C:\Users\Admin\AppData\Local\Programs\Python\Python314\Lib\json\__init__.py", line 346, in loads
        return _default_decoder.decode(s)
               ~~~~~~~~~~~~~~~~~~~~~~~^^^
      File "C:\Users\Admin\AppData\Local\Programs\Python\Python314\Lib\json\decoder.py", line 345, in decode
        obj, end = self.raw_decode(s, idx=_w(s, 0).end())
                   ~~~~~~~~~~~~~~~^^^^^^^^^^^^^^^^^^^^^^^
      File "C:\Users\Admin\AppData\Local\Programs\Python\Python314\Lib\json\decoder.py", line 363, in raw_decode
        raise JSONDecodeError("Expecting value", s, err.value) from None
    json.decoder.JSONDecodeError: Expecting value: line 1 column 1 (char 0)
    
    During handling of the above exception, another exception occurred:
    
    Traceback (most recent call last):
      File "D:\Yash\smart_trading\myvenv\Lib\site-packages\asgiref\sync.py", line 361, in main_wrap
        raise exc_info[1]
      File "D:\Yash\smart_trading\market\consumers.py", line 333, in handle_get_historical
        candle_data = self.smart_api.getCandleData(historic_params)
      File "D:\Yash\smart_trading\myvenv\Lib\site-packages\SmartApi\smartConnect.py", line 465, in getCandleData
        getCandleDataResponse=self._postRequest("api.candle.data",historicDataParams)
      File "D:\Yash\smart_trading\myvenv\Lib\site-packages\SmartApi\smartConnect.py", line 263, in _postRequest
        return self._request(route, "POST", params)
               ~~~~~~~~~~~~~^^^^^^^^^^^^^^^^^^^^^^^
      File "D:\Yash\smart_trading\myvenv\Lib\site-packages\SmartApi\smartConnect.py", line 233, in _request
        raise ex.DataException("Couldn't parse the JSON response received from the server: {content}".format(
            content=r.content))
    SmartApi.smartExceptions.DataException: Couldn't parse the JSON response received from the server: b'Access denied because of exceeding access rate'
